c:\users\aj\desktop\cppgamesolution\cppgame\debug\cppgame.pch
c:\users\aj\desktop\cppgamesolution\cppgame\debug\vc141.pdb
c:\users\aj\desktop\cppgamesolution\cppgame\debug\vc141.idb
c:\users\aj\desktop\cppgamesolution\cppgame\debug\stdafx.obj
c:\users\aj\desktop\cppgamesolution\cppgame\debug\stats.obj
c:\users\aj\desktop\cppgamesolution\cppgame\debug\enemy.obj
c:\users\aj\desktop\cppgamesolution\cppgame\debug\spellcard.obj
c:\users\aj\desktop\cppgamesolution\cppgame\debug\room.obj
c:\users\aj\desktop\cppgamesolution\cppgame\debug\player.obj
c:\users\aj\desktop\cppgamesolution\cppgame\debug\item.obj
c:\users\aj\desktop\cppgamesolution\cppgame\debug\cppgame.obj
c:\users\aj\desktop\cppgamesolution\debug\cppgame.exe
c:\users\aj\desktop\cppgamesolution\debug\cppgame.ilk
c:\users\aj\desktop\cppgamesolution\debug\cppgame.pdb
c:\users\aj\desktop\cppgamesolution\cppgame\debug\cppgame.tlog\cl.command.1.tlog
c:\users\aj\desktop\cppgamesolution\cppgame\debug\cppgame.tlog\cl.read.1.tlog
c:\users\aj\desktop\cppgamesolution\cppgame\debug\cppgame.tlog\cl.write.1.tlog
c:\users\aj\desktop\cppgamesolution\cppgame\debug\cppgame.tlog\link.command.1.tlog
c:\users\aj\desktop\cppgamesolution\cppgame\debug\cppgame.tlog\link.read.1.tlog
c:\users\aj\desktop\cppgamesolution\cppgame\debug\cppgame.tlog\link.write.1.tlog
